<?xml version="1.0" encoding="UTF-8"?>
<testsuite xmlns:xsi="http://www.w3.org/2001/XMLSchema-instance" xsi:noNamespaceSchemaLocation="https://maven.apache.org/surefire/maven-surefire-plugin/xsd/surefire-test-report.xsd" version="3.0.2" name="com.leori.enia.initiative.domain.AIInitiativeTest" time="0.209" tests="6" errors="0" skipped="0" failures="0">
  <properties>
[...]
</properties>
  <testcase name="should_not_approve_without_risk_assessment" classname="com.leori.enia.initiative.domain.AIInitiativeTest" time="0.087"/>
  <testcase name="should_approve_risk_assessed_initiative" classname="com.leori.enia.initiative.domain.AIInitiativeTest" time="0.007"/>
  <testcase name="should_not_start_assessment_from_draft" classname="com.leori.enia.initiative.domain.AIInitiativeTest" time="0.006"/>
  <testcase name="should_register_event_when_initiative_is_approved" classname="com.leori.enia.initiative.domain.AIInitiativeTest" time="0.012"/>
  <testcase name="should_follow_assessment_workflow" classname="com.leori.enia.initiative.domain.AIInitiativeTest" time="0.005"/>
  <testcase name="should_create_initiative_in_draft_status" classname="com.leori.enia.initiative.domain.AIInitiativeTest" time="0.005"/>
</testsuite>